<ShowPlanXML xmlns="http://schemas.microsoft.com/sqlserver/2004/07/showplan" Version="1.564" Build="16.0.4085.2"><BatchSequence><Batch><Statements><StmtSimple StatementText="SELECT&#xa;    DA.City,&#xa;    DA.StateProvinceCode,&#xa;    ST.SalesTerritoryRegion,&#xa;    SUM(OP.SalesAmount) AS TotalSales&#xa;FROM&#xa;    Users.DeliveryAddress DA&#xa;    JOIN Defaults.SaleTerritory ST ON DA.SaleTerritoryKey = ST.SaleTerritoryKey&#xa;    JOIN Orders.Sale S ON ST.SaleTerritoryKey = S.SaleTerritoryKey&#xa;    JOIN Orders.OrderedProducts OP ON S.SaleKey = OP.SaleKey&#xa;GROUP BY&#xa;    DA.City, DA.StateProvinceCode, ST.SalesTerritoryRegion" StatementId="1" StatementCompId="1" StatementType="SELECT" StatementSqlHandle="0x09009320AB01F7E92019C9CD3B7B0C49BE530000000000000000000000000000000000000000000000000000" DatabaseContextSettingsId="1" ParentObjectId="0" StatementParameterizationType="0" RetrievedFromCache="true" StatementSubTreeCost="1.26365" StatementEstRows="3015.08" SecurityPolicyApplied="false" StatementOptmLevel="FULL" QueryHash="0x525EB19358E14990" QueryPlanHash="0x2AB1491CE159AA25" StatementOptmEarlyAbortReason="TimeOut" CardinalityEstimationModelVersion="160"><StatementSetOptions QUOTED_IDENTIFIER="true" ARITHABORT="true" CONCAT_NULL_YIELDS_NULL="true" ANSI_NULLS="true" ANSI_PADDING="true" ANSI_WARNINGS="true" NUMERIC_ROUNDABORT="false"></StatementSetOptions><QueryPlan CachedPlanSize="128" CompileTime="56" CompileCPU="56" CompileMemory="864"><MissingIndexes><MissingIndexGroup Impact="35.9884"><MissingIndex Database="[AdventureWorks]" Schema="[Orders]" Table="[OrderedProducts]"><ColumnGroup Usage="EQUALITY"><Column Name="[SaleKey]" ColumnId="11"></Column></ColumnGroup><ColumnGroup Usage="INCLUDE"><Column Name="[SalesAmount]" ColumnId="5"></Column></ColumnGroup></MissingIndex></MissingIndexGroup><MissingIndexGroup Impact="29.9314"><MissingIndex Database="[AdventureWorks]" Schema="[Users]" Table="[DeliveryAddress]"><ColumnGroup Usage="EQUALITY"><Column Name="[SaleTerritoryKey]" ColumnId="11"></Column></ColumnGroup><ColumnGroup Usage="INCLUDE"><Column Name="[City]" ColumnId="4"></Column><Column Name="[StateProvinceCode]" ColumnId="6"></Column></ColumnGroup></MissingIndex></MissingIndexGroup></MissingIndexes><MemoryGrantInfo SerialRequiredMemory="3072" SerialDesiredMemory="5928" GrantedMemory="0" MaxUsedMemory="0"></MemoryGrantInfo><OptimizerHardwareDependentProperties EstimatedAvailableMemoryGrant="40281" EstimatedPagesCached="20140" EstimatedAvailableDegreeOfParallelism="4" MaxCompileMemory="1317416"></OptimizerHardwareDependentProperties><OptimizerStatsUsage><StatisticsInfo LastUpdate="2024-01-20T23:17:58.71" ModificationCount="0" SamplingPercent="100" Statistics="[_WA_Sys_00000006_3F466844]" Table="[DeliveryAddress]" Schema="[Users]" Database="[AdventureWorks]"></StatisticsInfo><StatisticsInfo LastUpdate="2024-01-20T23:17:58.69" ModificationCount="0" SamplingPercent="100" Statistics="[_WA_Sys_00000004_3F466844]" Table="[DeliveryAddress]" Schema="[Users]" Database="[AdventureWorks]"></StatisticsInfo><StatisticsInfo LastUpdate="2024-01-20T23:17:58.64" ModificationCount="0" SamplingPercent="100" Statistics="[_WA_Sys_0000000B_5441852A]" Table="[Sale]" Schema="[Orders]" Database="[AdventureWorks]"></StatisticsInfo><StatisticsInfo LastUpdate="2024-01-20T23:17:58.64" ModificationCount="0" SamplingPercent="100" Statistics="[PK__Sale__1C32977D6843DCA0]" Table="[Sale]" Schema="[Orders]" Database="[AdventureWorks]"></StatisticsInfo><StatisticsInfo LastUpdate="2024-01-20T23:17:58.62" ModificationCount="0" SamplingPercent="100" Statistics="[_WA_Sys_0000000B_3F466844]" Table="[DeliveryAddress]" Schema="[Users]" Database="[AdventureWorks]"></StatisticsInfo><StatisticsInfo LastUpdate="2024-01-20T23:17:58.67" ModificationCount="0" SamplingPercent="100" Statistics="[_WA_Sys_0000000B_628FA481]" Table="[OrderedProducts]" Schema="[Orders]" Database="[AdventureWorks]"></StatisticsInfo><StatisticsInfo LastUpdate="2024-01-20T23:17:58.62" ModificationCount="0" SamplingPercent="100" Statistics="[PK__SaleTerr__218AE9E059468BD8]" Table="[SaleTerritory]" Schema="[Defaults]" Database="[AdventureWorks]"></StatisticsInfo><StatisticsInfo LastUpdate="2024-01-20T23:17:58.72" ModificationCount="0" SamplingPercent="100" Statistics="[_WA_Sys_00000002_3B75D760]" Table="[SaleTerritory]" Schema="[Defaults]" Database="[AdventureWorks]"></StatisticsInfo></OptimizerStatsUsage><RelOp NodeId="1" PhysicalOp="Compute Scalar" LogicalOp="Compute Scalar" EstimateRows="3015.08" EstimateIO="0" EstimateCPU="0.000301508" AvgRowSize="59" EstimatedTotalSubtreeCost="1.26365" Parallel="0" EstimateRebinds="0" EstimateRewinds="0" EstimatedExecutionMode="Row"><OutputList><ColumnReference Database="[AdventureWorks]" Schema="[Users]" Table="[DeliveryAddress]" Alias="[DA]" Column="City"></ColumnReference><ColumnReference Database="[AdventureWorks]" Schema="[Users]" Table="[DeliveryAddress]" Alias="[DA]" Column="StateProvinceCode"></ColumnReference><ColumnReference Database="[AdventureWorks]" Schema="[Defaults]" Table="[SaleTerritory]" Alias="[ST]" Column="SalesTerritoryRegion"></ColumnReference><ColumnReference Column="Expr1004"></ColumnReference></OutputList><ComputeScalar><DefinedValues><DefinedValue><ColumnReference Column="Expr1004"></ColumnReference><ScalarOperator ScalarString="CASE WHEN [globalagg1009]=(0) THEN NULL ELSE [globalagg1011] END"><IF><Condition><ScalarOperator><Compare CompareOp="EQ"><ScalarOperator><Identifier><ColumnReference Column="globalagg1009"></ColumnReference></Identifier></ScalarOperator><ScalarOperator><Const ConstValue="(0)"></Const></ScalarOperator></Compare></ScalarOperator></Condition><Then><ScalarOperator><Const ConstValue="NULL"></Const></ScalarOperator></Then><Else><ScalarOperator><Identifier><ColumnReference Column="globalagg1011"></ColumnReference></Identifier></ScalarOperator></Else></IF></ScalarOperator></DefinedValue></DefinedValues><RelOp NodeId="2" PhysicalOp="Stream Aggregate" LogicalOp="Aggregate" EstimateRows="3015.08" EstimateIO="0" EstimateCPU="0.00366214" AvgRowSize="67" EstimatedTotalSubtreeCost="1.26335" Parallel="0" EstimateRebinds="0" EstimateRewinds="0" EstimatedExecutionMode="Row"><OutputList><ColumnReference Database="[AdventureWorks]" Schema="[Users]" Table="[DeliveryAddress]" Alias="[DA]" Column="City"></ColumnReference><ColumnReference Database="[AdventureWorks]" Schema="[Users]" Table="[DeliveryAddress]" Alias="[DA]" Column="StateProvinceCode"></ColumnReference><ColumnReference Database="[AdventureWorks]" Schema="[Defaults]" Table="[SaleTerritory]" Alias="[ST]" Column="SalesTerritoryRegion"></ColumnReference><ColumnReference Column="globalagg1009"></ColumnReference><ColumnReference Column="globalagg1011"></ColumnReference></OutputList><StreamAggregate><DefinedValues><DefinedValue><ColumnReference Column="globalagg1009"></ColumnReference><ScalarOperator ScalarString="SUM([partialagg1008])"><Aggregate Distinct="0" AggType="SUM"><ScalarOperator><Identifier><ColumnReference Column="partialagg1008"></ColumnReference></Identifier></ScalarOperator></Aggregate></ScalarOperator></DefinedValue><DefinedValue><ColumnReference Column="globalagg1011"></ColumnReference><ScalarOperator ScalarString="SUM([partialagg1010])"><Aggregate Distinct="0" AggType="SUM"><ScalarOperator><Identifier><ColumnReference Column="partialagg1010"></ColumnReference></Identifier></ScalarOperator></Aggregate></ScalarOperator></DefinedValue></DefinedValues><GroupBy><ColumnReference Database="[AdventureWorks]" Schema="[Users]" Table="[DeliveryAddress]" Alias="[DA]" Column="City"></ColumnReference><ColumnReference Database="[AdventureWorks]" Schema="[Users]" Table="[DeliveryAddress]" Alias="[DA]" Column="StateProvinceCode"></ColumnReference><ColumnReference Database="[AdventureWorks]" Schema="[Defaults]" Table="[SaleTerritory]" Alias="[ST]" Column="SalesTerritoryRegion"></ColumnReference></GroupBy><RelOp NodeId="3" PhysicalOp="Sort" LogicalOp="Sort" EstimateRows="3591" EstimateIO="0.0112613" EstimateCPU="0.0662602" AvgRowSize="67" EstimatedTotalSubtreeCost="1.25968" Parallel="0" EstimateRebinds="0" EstimateRewinds="0" EstimatedExecutionMode="Row"><OutputList><ColumnReference Database="[AdventureWorks]" Schema="[Users]" Table="[DeliveryAddress]" Alias="[DA]" Column="City"></ColumnReference><ColumnReference Database="[AdventureWorks]" Schema="[Users]" Table="[DeliveryAddress]" Alias="[DA]" Column="StateProvinceCode"></ColumnReference><ColumnReference Database="[AdventureWorks]" Schema="[Defaults]" Table="[SaleTerritory]" Alias="[ST]" Column="SalesTerritoryRegion"></ColumnReference><ColumnReference Column="partialagg1008"></ColumnReference><ColumnReference Column="partialagg1010"></ColumnReference></OutputList><MemoryFractions Input="0.810127" Output="1"></MemoryFractions><Sort Distinct="0"><OrderBy><OrderByColumn Ascending="1"><ColumnReference Database="[AdventureWorks]" Schema="[Users]" Table="[DeliveryAddress]" Alias="[DA]" Column="City"></ColumnReference></OrderByColumn><OrderByColumn Ascending="1"><ColumnReference Database="[AdventureWorks]" Schema="[Users]" Table="[DeliveryAddress]" Alias="[DA]" Column="StateProvinceCode"></ColumnReference></OrderByColumn><OrderByColumn Ascending="1"><ColumnReference Database="[AdventureWorks]" Schema="[Defaults]" Table="[SaleTerritory]" Alias="[ST]" Column="SalesTerritoryRegion"></ColumnReference></OrderByColumn></OrderBy><RelOp NodeId="4" PhysicalOp="Hash Match" LogicalOp="Inner Join" EstimateRows="3591" EstimateIO="0" EstimateCPU="0.105142" AvgRowSize="67" EstimatedTotalSubtreeCost="1.18216" Parallel="0" EstimateRebinds="0" EstimateRewinds="0" EstimatedExecutionMode="Row"><OutputList><ColumnReference Database="[AdventureWorks]" Schema="[Users]" Table="[DeliveryAddress]" Alias="[DA]" Column="City"></ColumnReference><ColumnReference Database="[AdventureWorks]" Schema="[Users]" Table="[DeliveryAddress]" Alias="[DA]" Column="StateProvinceCode"></ColumnReference><ColumnReference Database="[AdventureWorks]" Schema="[Defaults]" Table="[SaleTerritory]" Alias="[ST]" Column="SalesTerritoryRegion"></ColumnReference><ColumnReference Column="partialagg1008"></ColumnReference><ColumnReference Column="partialagg1010"></ColumnReference></OutputList><MemoryFractions Input="0.0840336" Output="0.189873"></MemoryFractions><Hash><DefinedValues></DefinedValues><HashKeysBuild><ColumnReference Database="[AdventureWorks]" Schema="[Orders]" Table="[Sale]" Alias="[S]" Column="SaleTerritoryKey"></ColumnReference></HashKeysBuild><HashKeysProbe><ColumnReference Database="[AdventureWorks]" Schema="[Users]" Table="[DeliveryAddress]" Alias="[DA]" Column="SaleTerritoryKey"></ColumnReference></HashKeysProbe><RelOp NodeId="5" PhysicalOp="Hash Match" LogicalOp="Aggregate" EstimateRows="1" EstimateIO="0" EstimateCPU="0.121831" AvgRowSize="46" EstimatedTotalSubtreeCost="0.792661" Parallel="0" EstimateRebinds="0" EstimateRewinds="0" EstimatedExecutionMode="Row"><OutputList><ColumnReference Database="[AdventureWorks]" Schema="[Defaults]" Table="[SaleTerritory]" Alias="[ST]" Column="SalesTerritoryRegion"></ColumnReference><ColumnReference Database="[AdventureWorks]" Schema="[Orders]" Table="[Sale]" Alias="[S]" Column="SaleTerritoryKey"></ColumnReference><ColumnReference Column="partialagg1008"></ColumnReference><ColumnReference Column="partialagg1010"></ColumnReference></OutputList><MemoryFractions Input="0.59944" Output="0.915966"></MemoryFractions><Hash><DefinedValues><DefinedValue><ColumnReference Column="partialagg1008"></ColumnReference><ScalarOperator ScalarString="COUNT_BIG([AdventureWorks].[Orders].[OrderedProducts].[SalesAmount] as [OP].[SalesAmount])"><Aggregate Distinct="0" AggType="COUNT_BIG"><ScalarOperator><Identifier><ColumnReference Database="[AdventureWorks]" Schema="[Orders]" Table="[OrderedProducts]" Alias="[OP]" Column="SalesAmount"></ColumnReference></Identifier></ScalarOperator></Aggregate></ScalarOperator></DefinedValue><DefinedValue><ColumnReference Column="partialagg1010"></ColumnReference><ScalarOperator ScalarString="SUM([AdventureWorks].[Orders].[OrderedProducts].[SalesAmount] as [OP].[SalesAmount])"><Aggregate Distinct="0" AggType="SUM"><ScalarOperator><Identifier><ColumnReference Database="[AdventureWorks]" Schema="[Orders]" Table="[OrderedProducts]" Alias="[OP]" Column="SalesAmount"></ColumnReference></Identifier></ScalarOperator></Aggregate></ScalarOperator></DefinedValue><DefinedValue><ColumnReference Database="[AdventureWorks]" Schema="[Defaults]" Table="[SaleTerritory]" Alias="[ST]" Column="SalesTerritoryRegion"></ColumnReference><ScalarOperator ScalarString="ANY([AdventureWorks].[Defaults].[SaleTerritory].[SalesTerritoryRegion] as [ST].[SalesTerritoryRegion])"><Aggregate Distinct="0" AggType="ANY"><ScalarOperator><Identifier><ColumnReference Database="[AdventureWorks]" Schema="[Defaults]" Table="[SaleTerritory]" Alias="[ST]" Column="SalesTerritoryRegion"></ColumnReference></Identifier></ScalarOperator></Aggregate></ScalarOperator></DefinedValue></DefinedValues><HashKeysBuild><ColumnReference Database="[AdventureWorks]" Schema="[Orders]" Table="[Sale]" Alias="[S]" Column="SaleTerritoryKey"></ColumnReference></HashKeysBuild><RelOp NodeId="6" PhysicalOp="Hash Match" LogicalOp="Inner Join" EstimateRows="22247" EstimateIO="0" EstimateCPU="0.13734" AvgRowSize="38" EstimatedTotalSubtreeCost="0.67083" Parallel="0" EstimateRebinds="0" EstimateRewinds="0" EstimatedExecutionMode="Row"><OutputList><ColumnReference Database="[AdventureWorks]" Schema="[Defaults]" Table="[SaleTerritory]" Alias="[ST]" Column="SalesTerritoryRegion"></ColumnReference><ColumnReference Database="[AdventureWorks]" Schema="[Orders]" Table="[Sale]" Alias="[S]" Column="SaleTerritoryKey"></ColumnReference><ColumnReference Database="[AdventureWorks]" Schema="[Orders]" Table="[OrderedProducts]" Alias="[OP]" Column="SalesAmount"></ColumnReference></OutputList><MemoryFractions Input="0.104895" Output="0.0420168"></MemoryFractions><Hash><DefinedValues></DefinedValues><HashKeysBuild><ColumnReference Database="[AdventureWorks]" Schema="[Defaults]" Table="[SaleTerritory]" Alias="[ST]" Column="SaleTerritoryKey"></ColumnReference></HashKeysBuild><HashKeysProbe><ColumnReference Database="[AdventureWorks]" Schema="[Orders]" Table="[Sale]" Alias="[S]" Column="SaleTerritoryKey"></ColumnReference></HashKeysProbe><RelOp NodeId="7" PhysicalOp="Clustered Index Scan" LogicalOp="Clustered Index Scan" EstimateRows="11" EstimatedRowsRead="11" EstimateIO="0.003125" EstimateCPU="0.0001691" AvgRowSize="30" EstimatedTotalSubtreeCost="0.0032941" TableCardinality="11" Parallel="0" EstimateRebinds="0" EstimateRewinds="0" EstimatedExecutionMode="Row"><OutputList><ColumnReference Database="[AdventureWorks]" Schema="[Defaults]" Table="[SaleTerritory]" Alias="[ST]" Column="SaleTerritoryKey"></ColumnReference><ColumnReference Database="[AdventureWorks]" Schema="[Defaults]" Table="[SaleTerritory]" Alias="[ST]" Column="SalesTerritoryRegion"></ColumnReference></OutputList><IndexScan Ordered="0" ForcedIndex="0" ForceScan="0" NoExpandHint="0" Storage="RowStore"><DefinedValues><DefinedValue><ColumnReference Database="[AdventureWorks]" Schema="[Defaults]" Table="[SaleTerritory]" Alias="[ST]" Column="SaleTerritoryKey"></ColumnReference></DefinedValue><DefinedValue><ColumnReference Database="[AdventureWorks]" Schema="[Defaults]" Table="[SaleTerritory]" Alias="[ST]" Column="SalesTerritoryRegion"></ColumnReference></DefinedValue></DefinedValues><Object Database="[AdventureWorks]" Schema="[Defaults]" Table="[SaleTerritory]" Index="[PK__SaleTerr__218AE9E059468BD8]" Alias="[ST]" IndexKind="Clustered" Storage="RowStore"></Object></IndexScan></RelOp><RelOp NodeId="8" PhysicalOp="Hash Match" LogicalOp="Inner Join" EstimateRows="22247" EstimateIO="0" EstimateCPU="0.239764" AvgRowSize="19" EstimatedTotalSubtreeCost="0.530193" Parallel="0" EstimateRebinds="0" EstimateRewinds="0" EstimatedExecutionMode="Row"><OutputList><ColumnReference Database="[AdventureWorks]" Schema="[Orders]" Table="[Sale]" Alias="[S]" Column="SaleTerritoryKey"></ColumnReference><ColumnReference Database="[AdventureWorks]" Schema="[Orders]" Table="[OrderedProducts]" Alias="[OP]" Column="SalesAmount"></ColumnReference></OutputList><MemoryFractions Input="0.895105" Output="0.358543"></MemoryFractions><Hash><DefinedValues></DefinedValues><HashKeysBuild><ColumnReference Database="[AdventureWorks]" Schema="[Orders]" Table="[Sale]" Alias="[S]" Column="SaleKey"></ColumnReference></HashKeysBuild><HashKeysProbe><ColumnReference Database="[AdventureWorks]" Schema="[Orders]" Table="[OrderedProducts]" Alias="[OP]" Column="SaleKey"></ColumnReference></HashKeysProbe><RelOp NodeId="9" PhysicalOp="Clustered Index Scan" LogicalOp="Clustered Index Scan" EstimateRows="8873" EstimatedRowsRead="8873" EstimateIO="0.0616435" EstimateCPU="0.0099173" AvgRowSize="15" EstimatedTotalSubtreeCost="0.0715608" TableCardinality="8873" Parallel="0" EstimateRebinds="0" EstimateRewinds="0" EstimatedExecutionMode="Row"><OutputList><ColumnReference Database="[AdventureWorks]" Schema="[Orders]" Table="[Sale]" Alias="[S]" Column="SaleKey"></ColumnReference><ColumnReference Database="[AdventureWorks]" Schema="[Orders]" Table="[Sale]" Alias="[S]" Column="SaleTerritoryKey"></ColumnReference></OutputList><IndexScan Ordered="0" ForcedIndex="0" ForceScan="0" NoExpandHint="0" Storage="RowStore"><DefinedValues><DefinedValue><ColumnReference Database="[AdventureWorks]" Schema="[Orders]" Table="[Sale]" Alias="[S]" Column="SaleKey"></ColumnReference></DefinedValue><DefinedValue><ColumnReference Database="[AdventureWorks]" Schema="[Orders]" Table="[Sale]" Alias="[S]" Column="SaleTerritoryKey"></ColumnReference></DefinedValue></DefinedValues><Object Database="[AdventureWorks]" Schema="[Orders]" Table="[Sale]" Index="[PK__Sale__1C32977D6843DCA0]" Alias="[S]" IndexKind="Clustered" Storage="RowStore"></Object></IndexScan></RelOp><RelOp NodeId="10" PhysicalOp="Clustered Index Scan" LogicalOp="Clustered Index Scan" EstimateRows="22247" EstimatedRowsRead="22247" EstimateIO="0.194236" EstimateCPU="0.0246287" AvgRowSize="19" EstimatedTotalSubtreeCost="0.218865" TableCardinality="22247" Parallel="0" EstimateRebinds="0" EstimateRewinds="0" EstimatedExecutionMode="Row"><OutputList><ColumnReference Database="[AdventureWorks]" Schema="[Orders]" Table="[OrderedProducts]" Alias="[OP]" Column="SalesAmount"></ColumnReference><ColumnReference Database="[AdventureWorks]" Schema="[Orders]" Table="[OrderedProducts]" Alias="[OP]" Column="SaleKey"></ColumnReference></OutputList><IndexScan Ordered="0" ForcedIndex="0" ForceScan="0" NoExpandHint="0" Storage="RowStore"><DefinedValues><DefinedValue><ColumnReference Database="[AdventureWorks]" Schema="[Orders]" Table="[OrderedProducts]" Alias="[OP]" Column="SalesAmount"></ColumnReference></DefinedValue><DefinedValue><ColumnReference Database="[AdventureWorks]" Schema="[Orders]" Table="[OrderedProducts]" Alias="[OP]" Column="SaleKey"></ColumnReference></DefinedValue></DefinedValues><Object Database="[AdventureWorks]" Schema="[Orders]" Table="[OrderedProducts]" Index="[PK__OrderedP__54F4D88AE796779F]" Alias="[OP]" IndexKind="Clustered" Storage="RowStore"></Object></IndexScan></RelOp></Hash></RelOp></Hash></RelOp></Hash></RelOp><RelOp NodeId="11" PhysicalOp="Clustered Index Scan" LogicalOp="Clustered Index Scan" EstimateRows="18484" EstimatedRowsRead="18484" EstimateIO="0.263866" EstimateCPU="0.0204894" AvgRowSize="38" EstimatedTotalSubtreeCost="0.284355" TableCardinality="18484" Parallel="0" EstimateRebinds="0" EstimateRewinds="0" EstimatedExecutionMode="Row"><OutputList><ColumnReference Database="[AdventureWorks]" Schema="[Users]" Table="[DeliveryAddress]" Alias="[DA]" Column="City"></ColumnReference><ColumnReference Database="[AdventureWorks]" Schema="[Users]" Table="[DeliveryAddress]" Alias="[DA]" Column="StateProvinceCode"></ColumnReference><ColumnReference Database="[AdventureWorks]" Schema="[Users]" Table="[DeliveryAddress]" Alias="[DA]" Column="SaleTerritoryKey"></ColumnReference></OutputList><IndexScan Ordered="0" ForcedIndex="0" ForceScan="0" NoExpandHint="0" Storage="RowStore"><DefinedValues><DefinedValue><ColumnReference Database="[AdventureWorks]" Schema="[Users]" Table="[DeliveryAddress]" Alias="[DA]" Column="City"></ColumnReference></DefinedValue><DefinedValue><ColumnReference Database="[AdventureWorks]" Schema="[Users]" Table="[DeliveryAddress]" Alias="[DA]" Column="StateProvinceCode"></ColumnReference></DefinedValue><DefinedValue><ColumnReference Database="[AdventureWorks]" Schema="[Users]" Table="[DeliveryAddress]" Alias="[DA]" Column="SaleTerritoryKey"></ColumnReference></DefinedValue></DefinedValues><Object Database="[AdventureWorks]" Schema="[Users]" Table="[DeliveryAddress]" Index="[PK__Delivery__9BC085BD03AF3336]" Alias="[DA]" IndexKind="Clustered" Storage="RowStore"></Object></IndexScan></RelOp></Hash></RelOp></Sort></RelOp></StreamAggregate></RelOp></ComputeScalar></RelOp></QueryPlan></StmtSimple><StmtSimple StatementText=";&#xa;&#xa;/*&#xa;Query growth rate&#xa;*/&#xa;&#xa;&#xa;SELECT&#xa;    YEAR(S1.OrderDate) AS Year,&#xa;    PC.EnglishName AS Category,&#xa;    SUM(OP1.SalesAmount) AS TotalSales,&#xa;    (SUM(OP1.SalesAmount) - LAG(SUM(OP1.SalesAmount), 1, 0) OVER (PARTITION BY PC.CategoryKey ORDER BY YEAR(S1.OrderDate))) / &#xa;        NULLIF(LAG(SUM(OP1.SalesAmount), 1, 1) OVER (PARTITION BY PC.CategoryKey ORDER BY YEAR(S1.OrderDate)), 0) AS GrowthRate&#xa;FROM&#xa;    Orders.Sale S1&#xa;    JOIN Orders.OrderedProducts OP1 ON S1.SaleKey = OP1.SaleKey&#xa;    JOIN Products.Product P ON OP1.ProductKey = P.ProductKey&#xa;    JOIN Products.ProductCategory PC ON P.CategoryKey = PC.CategoryKey&#xa;GROUP BY&#xa;    YEAR(S1.OrderDate), PC.EnglishName, PC.CategoryKey" StatementId="2" StatementCompId="2" StatementType="SELECT" StatementSqlHandle="0x09004ABB4EE731BA99C81CC8FCD68D09C5400000000000000000000000000000000000000000000000000000" DatabaseContextSettingsId="1" ParentObjectId="0" StatementParameterizationType="0" RetrievedFromCache="true" StatementSubTreeCost="0.922053" StatementEstRows="49.7704" SecurityPolicyApplied="false" StatementOptmLevel="FULL" QueryHash="0xB8734A33B3F7891B" QueryPlanHash="0x89B851E8BB9D6743" StatementOptmEarlyAbortReason="TimeOut" CardinalityEstimationModelVersion="160"><StatementSetOptions QUOTED_IDENTIFIER="true" ARITHABORT="true" CONCAT_NULL_YIELDS_NULL="true" ANSI_NULLS="true" ANSI_PADDING="true" ANSI_WARNINGS="true" NUMERIC_ROUNDABORT="false"></StatementSetOptions><QueryPlan CachedPlanSize="168" CompileTime="21" CompileCPU="21" CompileMemory="1064"><MissingIndexes><MissingIndexGroup Impact="39.8449"><MissingIndex Database="[AdventureWorks]" Schema="[Orders]" Table="[OrderedProducts]"><ColumnGroup Usage="EQUALITY"><Column Name="[ProductKey]" ColumnId="12"></Column></ColumnGroup><ColumnGroup Usage="INCLUDE"><Column Name="[SalesAmount]" ColumnId="5"></Column><Column Name="[SaleKey]" ColumnId="11"></Column></ColumnGroup></MissingIndex></MissingIndexGroup></MissingIndexes><MemoryGrantInfo SerialRequiredMemory="3072" SerialDesiredMemory="5320" GrantedMemory="0" MaxUsedMemory="0"></MemoryGrantInfo><OptimizerHardwareDependentProperties EstimatedAvailableMemoryGrant="40281" EstimatedPagesCached="20140" EstimatedAvailableDegreeOfParallelism="4" MaxCompileMemory="1317416"></OptimizerHardwareDependentProperties><OptimizerStatsUsage><StatisticsInfo LastUpdate="2024-01-20T23:18:16.59" ModificationCount="0" SamplingPercent="100" Statistics="[_WA_Sys_0000000C_628FA481]" Table="[OrderedProducts]" Schema="[Orders]" Database="[AdventureWorks]"></StatisticsInfo><StatisticsInfo LastUpdate="2024-01-20T23:17:58.64" ModificationCount="0" SamplingPercent="100" Statistics="[PK__Sale__1C32977D6843DCA0]" Table="[Sale]" Schema="[Orders]" Database="[AdventureWorks]"></StatisticsInfo><StatisticsInfo LastUpdate="2024-01-20T23:18:16.60" ModificationCount="0" SamplingPercent="100" Statistics="[PK__Product__A15E99B36D34A312]" Table="[Product]" Schema="[Products]" Database="[AdventureWorks]"></StatisticsInfo><StatisticsInfo LastUpdate="2024-01-20T23:17:58.67" ModificationCount="0" SamplingPercent="100" Statistics="[_WA_Sys_0000000B_628FA481]" Table="[OrderedProducts]" Schema="[Orders]" Database="[AdventureWorks]"></StatisticsInfo><StatisticsInfo LastUpdate="2024-01-20T23:18:16.62" ModificationCount="0" SamplingPercent="100" Statistics="[_WA_Sys_00000007_5441852A]" Table="[Sale]" Schema="[Orders]" Database="[AdventureWorks]"></StatisticsInfo><StatisticsInfo LastUpdate="2024-01-20T23:18:16.61" ModificationCount="0" SamplingPercent="100" Statistics="[PK__ProductC__76B0FE41711E1E4C]" Table="[ProductCategory]" Schema="[Products]" Database="[AdventureWorks]"></StatisticsInfo><StatisticsInfo LastUpdate="2024-01-20T23:18:16.60" ModificationCount="0" SamplingPercent="100" Statistics="[_WA_Sys_00000012_5DCAEF64]" Table="[Product]" Schema="[Products]" Database="[AdventureWorks]"></StatisticsInfo></OptimizerStatsUsage><RelOp NodeId="0" PhysicalOp="Compute Scalar" LogicalOp="Compute Scalar" EstimateRows="49.7704" EstimateIO="0" EstimateCPU="4.97704e-06" AvgRowSize="95" EstimatedTotalSubtreeCost="0.922053" Parallel="0" EstimateRebinds="0" EstimateRewinds="0" EstimatedExecutionMode="Row"><OutputList><ColumnReference Database="[AdventureWorks]" Schema="[Products]" Table="[ProductCategory]" Alias="[PC]" Column="EnglishName"></ColumnReference><ColumnReference Column="Expr1004"></ColumnReference><ColumnReference Column="Expr1005"></ColumnReference><ColumnReference Column="Expr1009"></ColumnReference></OutputList><ComputeScalar><DefinedValues><DefinedValue><ColumnReference Column="Expr1009"></ColumnReference><ScalarOperator ScalarString="([Expr1005]-[Expr1006])/CASE WHEN [Expr1007]=(0.0000000000000000e+000) THEN NULL ELSE [Expr1008] END"><Arithmetic Operation="DIV"><ScalarOperator><Arithmetic Operation="SUB"><ScalarOperator><Identifier><ColumnReference Column="Expr1005"></ColumnReference></Identifier></ScalarOperator><ScalarOperator><Identifier><ColumnReference Column="Expr1006"></ColumnReference></Identifier></ScalarOperator></Arithmetic></ScalarOperator><ScalarOperator><IF><Condition><ScalarOperator><Compare CompareOp="EQ"><ScalarOperator><Identifier><ColumnReference Column="Expr1007"></ColumnReference></Identifier></ScalarOperator><ScalarOperator><Const ConstValue="(0.0000000000000000e+000)"></Const></ScalarOperator></Compare></ScalarOperator></Condition><Then><ScalarOperator><Const ConstValue="NULL"></Const></ScalarOperator></Then><Else><ScalarOperator><Identifier><ColumnReference Column="Expr1008"></ColumnReference></Identifier></ScalarOperator></Else></IF></ScalarOperator></Arithmetic></ScalarOperator></DefinedValue></DefinedValues><RelOp NodeId="1" PhysicalOp="Compute Scalar" LogicalOp="Compute Scalar" EstimateRows="49.7704" EstimateIO="0" EstimateCPU="4.97704e-06" AvgRowSize="111" EstimatedTotalSubtreeCost="0.922048" Parallel="0" EstimateRebinds="0" EstimateRewinds="0" EstimatedExecutionMode="Row"><OutputList><ColumnReference Database="[AdventureWorks]" Schema="[Products]" Table="[ProductCategory]" Alias="[PC]" Column="EnglishName"></ColumnReference><ColumnReference Column="Expr1004"></ColumnReference><ColumnReference Column="Expr1005"></ColumnReference><ColumnReference Column="Expr1006"></ColumnReference><ColumnReference Column="Expr1007"></ColumnReference><ColumnReference Column="Expr1008"></ColumnReference></OutputList><ComputeScalar><DefinedValues><DefinedValue><ColumnReference Column="Expr1006"></ColumnReference><ScalarOperator ScalarString="CASE WHEN [Count1011]=(0) THEN (0.0000000000000000e+000) ELSE [LastValue1010] END"><IF><Condition><ScalarOperator><Compare CompareOp="EQ"><ScalarOperator><Identifier><ColumnReference Column="Count1011"></ColumnReference></Identifier></ScalarOperator><ScalarOperator><Const ConstValue="(0)"></Const></ScalarOperator></Compare></ScalarOperator></Condition><Then><ScalarOperator><Const ConstValue="(0.0000000000000000e+000)"></Const></ScalarOperator></Then><Else><ScalarOperator><Identifier><ColumnReference Column="LastValue1010"></ColumnReference></Identifier></ScalarOperator></Else></IF></ScalarOperator></DefinedValue><DefinedValue><ColumnReference Column="Expr1007"></ColumnReference><ScalarOperator ScalarString="CASE WHEN [Count1013]=(0) THEN (1.0000000000000000e+000) ELSE [LastValue1012] END"><IF><Condition><ScalarOperator><Compare CompareOp="EQ"><ScalarOperator><Identifier><ColumnReference Column="Count1013"></ColumnReference></Identifier></ScalarOperator><ScalarOperator><Const ConstValue="(0)"></Const></ScalarOperator></Compare></ScalarOperator></Condition><Then><ScalarOperator><Const ConstValue="(1.0000000000000000e+000)"></Const></ScalarOperator></Then><Else><ScalarOperator><Identifier><ColumnReference Column="LastValue1012"></ColumnReference></Identifier></ScalarOperator></Else></IF></ScalarOperator></DefinedValue><DefinedValue><ColumnReference Column="Expr1008"></ColumnReference><ScalarOperator ScalarString="CASE WHEN [Count1015]=(0) THEN (1.0000000000000000e+000) ELSE [LastValue1014] END"><IF><Condition><ScalarOperator><Compare CompareOp="EQ"><ScalarOperator><Identifier><ColumnReference Column="Count1015"></ColumnReference></Identifier></ScalarOperator><ScalarOperator><Const ConstValue="(0)"></Const></ScalarOperator></Compare></ScalarOperator></Condition><Then><ScalarOperator><Const ConstValue="(1.0000000000000000e+000)"></Const></ScalarOperator></Then><Else><ScalarOperator><Identifier><ColumnReference Column="LastValue1014"></ColumnReference></Identifier></ScalarOperator></Else></IF></ScalarOperator></DefinedValue></DefinedValues><RelOp NodeId="2" PhysicalOp="Compute Scalar" LogicalOp="Compute Scalar" EstimateRows="49.7704" EstimateIO="0" EstimateCPU="0" AvgRowSize="123" EstimatedTotalSubtreeCost="0.922043" Parallel="0" EstimateRebinds="0" EstimateRewinds="0" EstimatedExecutionMode="Row"><OutputList><ColumnReference Database="[AdventureWorks]" Schema="[Products]" Table="[ProductCategory]" Alias="[PC]" Column="EnglishName"></ColumnReference><ColumnReference Column="Expr1004"></ColumnReference><ColumnReference Column="Expr1005"></ColumnReference><ColumnReference Column="LastValue1010"></ColumnReference><ColumnReference Column="Count1011"></ColumnReference><ColumnReference Column="LastValue1012"></ColumnReference><ColumnReference Column="Count1013"></ColumnReference><ColumnReference Column="LastValue1014"></ColumnReference><ColumnReference Column="Count1015"></ColumnReference></OutputList><ComputeScalar><DefinedValues><DefinedValue><ColumnReference Column="LastValue1012"></ColumnReference><ScalarOperator ScalarString="[LastValue1010]"><Identifier><ColumnReference Column="LastValue1010"></ColumnReference></Identifier></ScalarOperator></DefinedValue><DefinedValue><ColumnReference Column="Count1013"></ColumnReference><ScalarOperator ScalarString="[Count1011]"><Identifier><ColumnReference Column="Count1011"></ColumnReference></Identifier></ScalarOperator></DefinedValue><DefinedValue><ColumnReference Column="LastValue1014"></ColumnReference><ScalarOperator ScalarString="[LastValue1010]"><Identifier><ColumnReference Column="LastValue1010"></ColumnReference></Identifier></ScalarOperator></DefinedValue><DefinedValue><ColumnReference Column="Count1015"></ColumnReference><ScalarOperator ScalarString="[Count1011]"><Identifier><ColumnReference Column="Count1011"></ColumnReference></Identifier></ScalarOperator></DefinedValue></DefinedValues><RelOp NodeId="3" PhysicalOp="Stream Aggregate" LogicalOp="Aggregate" EstimateRows="49.7704" EstimateIO="0" EstimateCPU="3.12558e-05" AvgRowSize="123" EstimatedTotalSubtreeCost="0.922043" Parallel="0" EstimateRebinds="0" EstimateRewinds="0" EstimatedExecutionMode="Row"><OutputList><ColumnReference Database="[AdventureWorks]" Schema="[Products]" Table="[ProductCategory]" Alias="[PC]" Column="EnglishName"></ColumnReference><ColumnReference Column="Expr1004"></ColumnReference><ColumnReference Column="Expr1005"></ColumnReference><ColumnReference Column="LastValue1010"></ColumnReference><ColumnReference Column="Count1011"></ColumnReference></OutputList><StreamAggregate><DefinedValues><DefinedValue><ColumnReference Column="Count1011"></ColumnReference><ScalarOperator ScalarString="Count(*)"><Aggregate AggType="countstar" Distinct="0"></Aggregate></ScalarOperator></DefinedValue><DefinedValue><ColumnReference Column="LastValue1010"></ColumnReference><ScalarOperator ScalarString="LAST_VALUE([Expr1005])"><Aggregate Distinct="0" AggType="LAST_VALUE"><ScalarOperator><Identifier><ColumnReference Column="Expr1005"></ColumnReference></Identifier></ScalarOperator></Aggregate></ScalarOperator></DefinedValue><DefinedValue><ColumnReference Database="[AdventureWorks]" Schema="[Products]" Table="[ProductCategory]" Alias="[PC]" Column="EnglishName"></ColumnReference><ScalarOperator ScalarString="ANY([AdventureWorks].[Products].[ProductCategory].[EnglishName] as [PC].[EnglishName])"><Aggregate Distinct="0" AggType="ANY"><ScalarOperator><Identifier><ColumnReference Database="[AdventureWorks]" Schema="[Products]" Table="[ProductCategory]" Alias="[PC]" Column="EnglishName"></ColumnReference></Identifier></ScalarOperator></Aggregate></ScalarOperator></DefinedValue><DefinedValue><ColumnReference Column="Expr1004"></ColumnReference><ScalarOperator ScalarString="ANY([Expr1004])"><Aggregate Distinct="0" AggType="ANY"><ScalarOperator><Identifier><ColumnReference Column="Expr1004"></ColumnReference></Identifier></ScalarOperator></Aggregate></ScalarOperator></DefinedValue><DefinedValue><ColumnReference Column="Expr1005"></ColumnReference><ScalarOperator ScalarString="ANY([Expr1005])"><Aggregate Distinct="0" AggType="ANY"><ScalarOperator><Identifier><ColumnReference Column="Expr1005"></ColumnReference></Identifier></ScalarOperator></Aggregate></ScalarOperator></DefinedValue></DefinedValues><GroupBy><ColumnReference Column="WindowCount1026"></ColumnReference></GroupBy><RelOp NodeId="4" PhysicalOp="Window Spool" LogicalOp="Window Spool" EstimateRows="99.5408" EstimateIO="0" EstimateCPU="0.000109395" AvgRowSize="123" EstimatedTotalSubtreeCost="0.922012" Parallel="0" EstimateRebinds="0" EstimateRewinds="0" EstimatedExecutionMode="Row"><OutputList><ColumnReference Database="[AdventureWorks]" Schema="[Products]" Table="[ProductCategory]" Alias="[PC]" Column="CategoryKey"></ColumnReference><ColumnReference Database="[AdventureWorks]" Schema="[Products]" Table="[ProductCategory]" Alias="[PC]" Column="EnglishName"></ColumnReference><ColumnReference Column="Expr1004"></ColumnReference><ColumnReference Column="Expr1005"></ColumnReference><ColumnReference Column="RowNumber1016"></ColumnReference><ColumnReference Column="WindowCount1026"></ColumnReference><ColumnReference Column="Segment1025"></ColumnReference></OutputList><WindowSpool><RelOp NodeId="5" PhysicalOp="Segment" LogicalOp="Segment" EstimateRows="49.7704" EstimateIO="0" EstimateCPU="3.12558e-06" AvgRowSize="123" EstimatedTotalSubtreeCost="0.92189" Parallel="0" EstimateRebinds="0" EstimateRewinds="0" EstimatedExecutionMode="Row"><OutputList><ColumnReference Database="[AdventureWorks]" Schema="[Products]" Table="[ProductCategory]" Alias="[PC]" Column="CategoryKey"></ColumnReference><ColumnReference Database="[AdventureWorks]" Schema="[Products]" Table="[ProductCategory]" Alias="[PC]" Column="EnglishName"></ColumnReference><ColumnReference Column="Expr1004"></ColumnReference><ColumnReference Column="Expr1005"></ColumnReference><ColumnReference Column="RowNumber1016"></ColumnReference><ColumnReference Column="TopRowNumber1017"></ColumnReference><ColumnReference Column="BottomRowNumber1018"></ColumnReference><ColumnReference Column="Segment1025"></ColumnReference></OutputList><Segment><GroupBy><ColumnReference Database="[AdventureWorks]" Schema="[Products]" Table="[ProductCategory]" Alias="[PC]" Column="CategoryKey"></ColumnReference></GroupBy><SegmentColumn><ColumnReference Column="Segment1025"></ColumnReference></SegmentColumn><RelOp NodeId="6" PhysicalOp="Compute Scalar" LogicalOp="Compute Scalar" EstimateRows="49.7704" EstimateIO="0" EstimateCPU="4.97704e-06" AvgRowSize="115" EstimatedTotalSubtreeCost="0.921887" Parallel="0" EstimateRebinds="0" EstimateRewinds="0" EstimatedExecutionMode="Row"><OutputList><ColumnReference Database="[AdventureWorks]" Schema="[Products]" Table="[ProductCategory]" Alias="[PC]" Column="CategoryKey"></ColumnReference><ColumnReference Database="[AdventureWorks]" Schema="[Products]" Table="[ProductCategory]" Alias="[PC]" Column="EnglishName"></ColumnReference><ColumnReference Column="Expr1004"></ColumnReference><ColumnReference Column="Expr1005"></ColumnReference><ColumnReference Column="RowNumber1016"></ColumnReference><ColumnReference Column="TopRowNumber1017"></ColumnReference><ColumnReference Column="BottomRowNumber1018"></ColumnReference></OutputList><ComputeScalar><DefinedValues><DefinedValue><ColumnReference Column="TopRowNumber1017"></ColumnReference><ScalarOperator ScalarString="[RowNumber1016]-(1)"><Arithmetic Operation="SUB"><ScalarOperator><Identifier><ColumnReference Column="RowNumber1016"></ColumnReference></Identifier></ScalarOperator><ScalarOperator><Const ConstValue="(1)"></Const></ScalarOperator></Arithmetic></ScalarOperator></DefinedValue><DefinedValue><ColumnReference Column="BottomRowNumber1018"></ColumnReference><ScalarOperator ScalarString="[RowNumber1016]-(1)"><Arithmetic Operation="SUB"><ScalarOperator><Identifier><ColumnReference Column="RowNumber1016"></ColumnReference></Identifier></ScalarOperator><ScalarOperator><Const ConstValue="(1)"></Const></ScalarOperator></Arithmetic></ScalarOperator></DefinedValue></DefinedValues><RelOp NodeId="7" PhysicalOp="Sequence Project" LogicalOp="Compute Scalar" EstimateRows="49.7704" EstimateIO="0" EstimateCPU="3.98163e-06" AvgRowSize="99" EstimatedTotalSubtreeCost="0.921882" Parallel="0" EstimateRebinds="0" EstimateRewinds="0" EstimatedExecutionMode="Row"><OutputList><ColumnReference Database="[AdventureWorks]" Schema="[Products]" Table="[ProductCategory]" Alias="[PC]" Column="CategoryKey"></ColumnReference><ColumnReference Database="[AdventureWorks]" Schema="[Products]" Table="[ProductCategory]" Alias="[PC]" Column="EnglishName"></ColumnReference><ColumnReference Column="Expr1004"></ColumnReference><ColumnReference Column="Expr1005"></ColumnReference><ColumnReference Column="RowNumber1016"></ColumnReference></OutputList><SequenceProject><DefinedValues><DefinedValue><ColumnReference Column="RowNumber1016"></ColumnReference><ScalarOperator ScalarString="row_number"><Sequence FunctionName="row_number"></Sequence></ScalarOperator></DefinedValue></DefinedValues><RelOp NodeId="8" PhysicalOp="Segment" LogicalOp="Segment" EstimateRows="49.7704" EstimateIO="0" EstimateCPU="9.95408e-07" AvgRowSize="99" EstimatedTotalSubtreeCost="0.921878" Parallel="0" EstimateRebinds="0" EstimateRewinds="0" EstimatedExecutionMode="Row"><OutputList><ColumnReference Database="[AdventureWorks]" Schema="[Products]" Table="[ProductCategory]" Alias="[PC]" Column="CategoryKey"></ColumnReference><ColumnReference Database="[AdventureWorks]" Schema="[Products]" Table="[ProductCategory]" Alias="[PC]" Column="EnglishName"></ColumnReference><ColumnReference Column="Expr1004"></ColumnReference><ColumnReference Column="Expr1005"></ColumnReference><ColumnReference Column="Segment1024"></ColumnReference></OutputList><Segment><GroupBy><ColumnReference Database="[AdventureWorks]" Schema="[Products]" Table="[ProductCategory]" Alias="[PC]" Column="CategoryKey"></ColumnReference></GroupBy><SegmentColumn><ColumnReference Column="Segment1024"></ColumnReference></SegmentColumn><RelOp NodeId="9" PhysicalOp="Sort" LogicalOp="Sort" EstimateRows="49.7704" EstimateIO="0.0112613" EstimateCPU="0.000537775" AvgRowSize="91" EstimatedTotalSubtreeCost="0.921877" Parallel="0" EstimateRebinds="0" EstimateRewinds="0" EstimatedExecutionMode="Row"><OutputList><ColumnReference Database="[AdventureWorks]" Schema="[Products]" Table="[ProductCategory]" Alias="[PC]" Column="CategoryKey"></ColumnReference><ColumnReference Database="[AdventureWorks]" Schema="[Products]" Table="[ProductCategory]" Alias="[PC]" Column="EnglishName"></ColumnReference><ColumnReference Column="Expr1004"></ColumnReference><ColumnReference Column="Expr1005"></ColumnReference></OutputList><MemoryFractions Input="0.581818" Output="1"></MemoryFractions><Sort Distinct="0"><OrderBy><OrderByColumn Ascending="1"><ColumnReference Database="[AdventureWorks]" Schema="[Products]" Table="[ProductCategory]" Alias="[PC]" Column="CategoryKey"></ColumnReference></OrderByColumn><OrderByColumn Ascending="1"><ColumnReference Column="Expr1004"></ColumnReference></OrderByColumn></OrderBy><RelOp NodeId="10" PhysicalOp="Compute Scalar" LogicalOp="Compute Scalar" EstimateRows="49.7704" EstimateIO="0" EstimateCPU="0" AvgRowSize="91" EstimatedTotalSubtreeCost="0.910078" Parallel="0" EstimateRebinds="0" EstimateRewinds="0" EstimatedExecutionMode="Row"><OutputList><ColumnReference Database="[AdventureWorks]" Schema="[Products]" Table="[ProductCategory]" Alias="[PC]" Column="CategoryKey"></ColumnReference><ColumnReference Database="[AdventureWorks]" Schema="[Products]" Table="[ProductCategory]" Alias="[PC]" Column="EnglishName"></ColumnReference><ColumnReference Column="Expr1004"></ColumnReference><ColumnReference Column="Expr1005"></ColumnReference></OutputList><ComputeScalar><DefinedValues><DefinedValue><ColumnReference Column="Expr1005"></ColumnReference><ScalarOperator ScalarString="CASE WHEN [Expr1022]=(0) THEN NULL ELSE [Expr1023] END"><IF><Condition><ScalarOperator><Compare CompareOp="EQ"><ScalarOperator><Identifier><ColumnReference Column="Expr1022"></ColumnReference></Identifier></ScalarOperator><ScalarOperator><Const ConstValue="(0)"></Const></ScalarOperator></Compare></ScalarOperator></Condition><Then><ScalarOperator><Const ConstValue="NULL"></Const></ScalarOperator></Then><Else><ScalarOperator><Identifier><ColumnReference Column="Expr1023"></ColumnReference></Identifier></ScalarOperator></Else></IF></ScalarOperator></DefinedValue></DefinedValues><RelOp NodeId="11" PhysicalOp="Hash Match" LogicalOp="Aggregate" EstimateRows="49.7704" EstimateIO="0" EstimateCPU="0.169864" AvgRowSize="91" EstimatedTotalSubtreeCost="0.910078" Parallel="0" EstimateRebinds="0" EstimateRewinds="0" EstimatedExecutionMode="Row"><OutputList><ColumnReference Database="[AdventureWorks]" Schema="[Products]" Table="[ProductCategory]" Alias="[PC]" Column="CategoryKey"></ColumnReference><ColumnReference Database="[AdventureWorks]" Schema="[Products]" Table="[ProductCategory]" Alias="[PC]" Column="EnglishName"></ColumnReference><ColumnReference Column="Expr1004"></ColumnReference><ColumnReference Column="Expr1022"></ColumnReference><ColumnReference Column="Expr1023"></ColumnReference></OutputList><MemoryFractions Input="0.327402" Output="0.418182"></MemoryFractions><Hash><DefinedValues><DefinedValue><ColumnReference Column="Expr1022"></ColumnReference><ScalarOperator ScalarString="COUNT_BIG([AdventureWorks].[Orders].[OrderedProducts].[SalesAmount] as [OP1].[SalesAmount])"><Aggregate Distinct="0" AggType="COUNT_BIG"><ScalarOperator><Identifier><ColumnReference Database="[AdventureWorks]" Schema="[Orders]" Table="[OrderedProducts]" Alias="[OP1]" Column="SalesAmount"></ColumnReference></Identifier></ScalarOperator></Aggregate></ScalarOperator></DefinedValue><DefinedValue><ColumnReference Column="Expr1023"></ColumnReference><ScalarOperator ScalarString="SUM([AdventureWorks].[Orders].[OrderedProducts].[SalesAmount] as [OP1].[SalesAmount])"><Aggregate Distinct="0" AggType="SUM"><ScalarOperator><Identifier><ColumnReference Database="[AdventureWorks]" Schema="[Orders]" Table="[OrderedProducts]" Alias="[OP1]" Column="SalesAmount"></ColumnReference></Identifier></ScalarOperator></Aggregate></ScalarOperator></DefinedValue><DefinedValue><ColumnReference Database="[AdventureWorks]" Schema="[Products]" Table="[ProductCategory]" Alias="[PC]" Column="EnglishName"></ColumnReference><ScalarOperator ScalarString="ANY([AdventureWorks].[Products].[ProductCategory].[EnglishName] as [PC].[EnglishName])"><Aggregate Distinct="0" AggType="ANY"><ScalarOperator><Identifier><ColumnReference Database="[AdventureWorks]" Schema="[Products]" Table="[ProductCategory]" Alias="[PC]" Column="EnglishName"></ColumnReference></Identifier></ScalarOperator></Aggregate></ScalarOperator></DefinedValue></DefinedValues><HashKeysBuild><ColumnReference Column="Expr1004"></ColumnReference><ColumnReference Database="[AdventureWorks]" Schema="[Products]" Table="[ProductCategory]" Alias="[PC]" Column="CategoryKey"></ColumnReference></HashKeysBuild><BuildResidual><ScalarOperator ScalarString="[Expr1004] = [Expr1004] AND [AdventureWorks].[Products].[ProductCategory].[CategoryKey] as [PC].[CategoryKey] = [AdventureWorks].[Products].[ProductCategory].[CategoryKey] as [PC].[CategoryKey]"><Logical Operation="AND"><ScalarOperator><Compare CompareOp="IS"><ScalarOperator><Identifier><ColumnReference Column="Expr1004"></ColumnReference></Identifier></ScalarOperator><ScalarOperator><Identifier><ColumnReference Column="Expr1004"></ColumnReference></Identifier></ScalarOperator></Compare></ScalarOperator><ScalarOperator><Compare CompareOp="IS"><ScalarOperator><Identifier><ColumnReference Database="[AdventureWorks]" Schema="[Products]" Table="[ProductCategory]" Alias="[PC]" Column="CategoryKey"></ColumnReference></Identifier></ScalarOperator><ScalarOperator><Identifier><ColumnReference Database="[AdventureWorks]" Schema="[Products]" Table="[ProductCategory]" Alias="[PC]" Column="CategoryKey"></ColumnReference></Identifier></ScalarOperator></Compare></ScalarOperator></Logical></ScalarOperator></BuildResidual><RelOp NodeId="12" PhysicalOp="Hash Match" LogicalOp="Inner Join" EstimateRows="22247" EstimateIO="0" EstimateCPU="0.239764" AvgRowSize="91" EstimatedTotalSubtreeCost="0.740214" Parallel="0" EstimateRebinds="0" EstimateRewinds="0" EstimatedExecutionMode="Row"><OutputList><ColumnReference Database="[AdventureWorks]" Schema="[Orders]" Table="[OrderedProducts]" Alias="[OP1]" Column="SalesAmount"></ColumnReference><ColumnReference Database="[AdventureWorks]" Schema="[Products]" Table="[ProductCategory]" Alias="[PC]" Column="CategoryKey"></ColumnReference><ColumnReference Database="[AdventureWorks]" Schema="[Products]" Table="[ProductCategory]" Alias="[PC]" Column="EnglishName"></ColumnReference><ColumnReference Column="Expr1004"></ColumnReference></OutputList><MemoryFractions Input="0.503937" Output="0.455516"></MemoryFractions><Hash><DefinedValues></DefinedValues><HashKeysBuild><ColumnReference Database="[AdventureWorks]" Schema="[Orders]" Table="[Sale]" Alias="[S1]" Column="SaleKey"></ColumnReference></HashKeysBuild><HashKeysProbe><ColumnReference Database="[AdventureWorks]" Schema="[Orders]" Table="[OrderedProducts]" Alias="[OP1]" Column="SaleKey"></ColumnReference></HashKeysProbe><RelOp NodeId="13" PhysicalOp="Compute Scalar" LogicalOp="Compute Scalar" EstimateRows="8873" EstimateIO="0" EstimateCPU="0.0008873" AvgRowSize="15" EstimatedTotalSubtreeCost="0.0724481" Parallel="0" EstimateRebinds="0" EstimateRewinds="0" EstimatedExecutionMode="Row"><OutputList><ColumnReference Database="[AdventureWorks]" Schema="[Orders]" Table="[Sale]" Alias="[S1]" Column="SaleKey"></ColumnReference><ColumnReference Column="Expr1004"></ColumnReference></OutputList><ComputeScalar><DefinedValues><DefinedValue><ColumnReference Column="Expr1004"></ColumnReference><ScalarOperator ScalarString="datepart(year,[AdventureWorks].[Orders].[Sale].[OrderDate] as [S1].[OrderDate])"><Intrinsic FunctionName="datepart"><ScalarOperator><Const ConstValue="(0)"></Const></ScalarOperator><ScalarOperator><Identifier><ColumnReference Database="[AdventureWorks]" Schema="[Orders]" Table="[Sale]" Alias="[S1]" Column="OrderDate"></ColumnReference></Identifier></ScalarOperator></Intrinsic></ScalarOperator></DefinedValue></DefinedValues><RelOp NodeId="14" PhysicalOp="Clustered Index Scan" LogicalOp="Clustered Index Scan" EstimateRows="8873" EstimatedRowsRead="8873" EstimateIO="0.0616435" EstimateCPU="0.0099173" AvgRowSize="19" EstimatedTotalSubtreeCost="0.0715608" TableCardinality="8873" Parallel="0" EstimateRebinds="0" EstimateRewinds="0" EstimatedExecutionMode="Row"><OutputList><ColumnReference Database="[AdventureWorks]" Schema="[Orders]" Table="[Sale]" Alias="[S1]" Column="SaleKey"></ColumnReference><ColumnReference Database="[AdventureWorks]" Schema="[Orders]" Table="[Sale]" Alias="[S1]" Column="OrderDate"></ColumnReference></OutputList><IndexScan Ordered="0" ForcedIndex="0" ForceScan="0" NoExpandHint="0" Storage="RowStore"><DefinedValues><DefinedValue><ColumnReference Database="[AdventureWorks]" Schema="[Orders]" Table="[Sale]" Alias="[S1]" Column="SaleKey"></ColumnReference></DefinedValue><DefinedValue><ColumnReference Database="[AdventureWorks]" Schema="[Orders]" Table="[Sale]" Alias="[S1]" Column="OrderDate"></ColumnReference></DefinedValue></DefinedValues><Object Database="[AdventureWorks]" Schema="[Orders]" Table="[Sale]" Index="[PK__Sale__1C32977D6843DCA0]" Alias="[S1]" IndexKind="Clustered" Storage="RowStore"></Object></IndexScan></RelOp></ComputeScalar></RelOp><RelOp NodeId="15" PhysicalOp="Hash Match" LogicalOp="Inner Join" EstimateRows="22247" EstimateIO="0" EstimateCPU="0.15313" AvgRowSize="91" EstimatedTotalSubtreeCost="0.427998" Parallel="0" EstimateRebinds="0" EstimateRewinds="0" EstimatedExecutionMode="Row"><OutputList><ColumnReference Database="[AdventureWorks]" Schema="[Orders]" Table="[OrderedProducts]" Alias="[OP1]" Column="SalesAmount"></ColumnReference><ColumnReference Database="[AdventureWorks]" Schema="[Orders]" Table="[OrderedProducts]" Alias="[OP1]" Column="SaleKey"></ColumnReference><ColumnReference Database="[AdventureWorks]" Schema="[Products]" Table="[ProductCategory]" Alias="[PC]" Column="CategoryKey"></ColumnReference><ColumnReference Database="[AdventureWorks]" Schema="[Products]" Table="[ProductCategory]" Alias="[PC]" Column="EnglishName"></ColumnReference></OutputList><MemoryFractions Input="0.240157" Output="0.217082"></MemoryFractions><Hash><DefinedValues></DefinedValues><HashKeysBuild><ColumnReference Database="[AdventureWorks]" Schema="[Products]" Table="[Product]" Alias="[P]" Column="ProductKey"></ColumnReference></HashKeysBuild><HashKeysProbe><ColumnReference Database="[AdventureWorks]" Schema="[Orders]" Table="[OrderedProducts]" Alias="[OP1]" Column="ProductKey"></ColumnReference></HashKeysProbe><RelOp NodeId="16" PhysicalOp="Hash Match" LogicalOp="Inner Join" EstimateRows="397" EstimateIO="0" EstimateCPU="0.0215432" AvgRowSize="83" EstimatedTotalSubtreeCost="0.0560005" Parallel="0" EstimateRebinds="0" EstimateRewinds="0" EstimatedExecutionMode="Row"><OutputList><ColumnReference Database="[AdventureWorks]" Schema="[Products]" Table="[Product]" Alias="[P]" Column="ProductKey"></ColumnReference><ColumnReference Database="[AdventureWorks]" Schema="[Products]" Table="[ProductCategory]" Alias="[PC]" Column="CategoryKey"></ColumnReference><ColumnReference Database="[AdventureWorks]" Schema="[Products]" Table="[ProductCategory]" Alias="[PC]" Column="EnglishName"></ColumnReference></OutputList><MemoryFractions Input="0.496063" Output="0.255906"></MemoryFractions><Hash><DefinedValues></DefinedValues><HashKeysBuild><ColumnReference Database="[AdventureWorks]" Schema="[Products]" Table="[ProductCategory]" Alias="[PC]" Column="CategoryKey"></ColumnReference></HashKeysBuild><HashKeysProbe><ColumnReference Database="[AdventureWorks]" Schema="[Products]" Table="[Product]" Alias="[P]" Column="CategoryKey"></ColumnReference></HashKeysProbe><RelOp NodeId="17" PhysicalOp="Clustered Index Scan" LogicalOp="Clustered Index Scan" EstimateRows="42" EstimatedRowsRead="42" EstimateIO="0.003125" EstimateCPU="0.0002032" AvgRowSize="79" EstimatedTotalSubtreeCost="0.0033282" TableCardinality="42" Parallel="0" EstimateRebinds="0" EstimateRewinds="0" EstimatedExecutionMode="Row"><OutputList><ColumnReference Database="[AdventureWorks]" Schema="[Products]" Table="[ProductCategory]" Alias="[PC]" Column="CategoryKey"></ColumnReference><ColumnReference Database="[AdventureWorks]" Schema="[Products]" Table="[ProductCategory]" Alias="[PC]" Column="EnglishName"></ColumnReference></OutputList><IndexScan Ordered="0" ForcedIndex="0" ForceScan="0" NoExpandHint="0" Storage="RowStore"><DefinedValues><DefinedValue><ColumnReference Database="[AdventureWorks]" Schema="[Products]" Table="[ProductCategory]" Alias="[PC]" Column="CategoryKey"></ColumnReference></DefinedValue><DefinedValue><ColumnReference Database="[AdventureWorks]" Schema="[Products]" Table="[ProductCategory]" Alias="[PC]" Column="EnglishName"></ColumnReference></DefinedValue></DefinedValues><Object Database="[AdventureWorks]" Schema="[Products]" Table="[ProductCategory]" Index="[PK__ProductC__76B0FE41711E1E4C]" Alias="[PC]" IndexKind="Clustered" Storage="RowStore"></Object></IndexScan></RelOp><RelOp NodeId="18" PhysicalOp="Clustered Index Scan" LogicalOp="Clustered Index Scan" EstimateRows="397" EstimatedRowsRead="397" EstimateIO="0.0305324" EstimateCPU="0.0005937" AvgRowSize="15" EstimatedTotalSubtreeCost="0.0311261" TableCardinality="397" Parallel="0" EstimateRebinds="0" EstimateRewinds="0" EstimatedExecutionMode="Row"><OutputList><ColumnReference Database="[AdventureWorks]" Schema="[Products]" Table="[Product]" Alias="[P]" Column="ProductKey"></ColumnReference><ColumnReference Database="[AdventureWorks]" Schema="[Products]" Table="[Product]" Alias="[P]" Column="CategoryKey"></ColumnReference></OutputList><IndexScan Ordered="0" ForcedIndex="0" ForceScan="0" NoExpandHint="0" Storage="RowStore"><DefinedValues><DefinedValue><ColumnReference Database="[AdventureWorks]" Schema="[Products]" Table="[Product]" Alias="[P]" Column="ProductKey"></ColumnReference></DefinedValue><DefinedValue><ColumnReference Database="[AdventureWorks]" Schema="[Products]" Table="[Product]" Alias="[P]" Column="CategoryKey"></ColumnReference></DefinedValue></DefinedValues><Object Database="[AdventureWorks]" Schema="[Products]" Table="[Product]" Index="[PK__Product__A15E99B36D34A312]" Alias="[P]" IndexKind="Clustered" Storage="RowStore"></Object></IndexScan></RelOp></Hash></RelOp><RelOp NodeId="19" PhysicalOp="Clustered Index Scan" LogicalOp="Clustered Index Scan" EstimateRows="22247" EstimatedRowsRead="22247" EstimateIO="0.194236" EstimateCPU="0.0246287" AvgRowSize="23" EstimatedTotalSubtreeCost="0.218865" TableCardinality="22247" Parallel="0" EstimateRebinds="0" EstimateRewinds="0" EstimatedExecutionMode="Row"><OutputList><ColumnReference Database="[AdventureWorks]" Schema="[Orders]" Table="[OrderedProducts]" Alias="[OP1]" Column="SalesAmount"></ColumnReference><ColumnReference Database="[AdventureWorks]" Schema="[Orders]" Table="[OrderedProducts]" Alias="[OP1]" Column="SaleKey"></ColumnReference><ColumnReference Database="[AdventureWorks]" Schema="[Orders]" Table="[OrderedProducts]" Alias="[OP1]" Column="ProductKey"></ColumnReference></OutputList><IndexScan Ordered="0" ForcedIndex="0" ForceScan="0" NoExpandHint="0" Storage="RowStore"><DefinedValues><DefinedValue><ColumnReference Database="[AdventureWorks]" Schema="[Orders]" Table="[OrderedProducts]" Alias="[OP1]" Column="SalesAmount"></ColumnReference></DefinedValue><DefinedValue><ColumnReference Database="[AdventureWorks]" Schema="[Orders]" Table="[OrderedProducts]" Alias="[OP1]" Column="SaleKey"></ColumnReference></DefinedValue><DefinedValue><ColumnReference Database="[AdventureWorks]" Schema="[Orders]" Table="[OrderedProducts]" Alias="[OP1]" Column="ProductKey"></ColumnReference></DefinedValue></DefinedValues><Object Database="[AdventureWorks]" Schema="[Orders]" Table="[OrderedProducts]" Index="[PK__OrderedP__54F4D88AE796779F]" Alias="[OP1]" IndexKind="Clustered" Storage="RowStore"></Object></IndexScan></RelOp></Hash></RelOp></Hash></RelOp></Hash></RelOp></ComputeScalar></RelOp></Sort></RelOp></Segment></RelOp></SequenceProject></RelOp></ComputeScalar></RelOp></Segment></RelOp></WindowSpool></RelOp></StreamAggregate></RelOp></ComputeScalar></RelOp></ComputeScalar></RelOp></ComputeScalar></RelOp></QueryPlan></StmtSimple><StmtSimple StatementText=";&#xa;&#xa;/*&#xa;Query color&#xa;*/&#xa;&#xa;SELECT&#xa;    PM.Color,&#xa;    COUNT(P.ProductKey) AS NumberOfProducts&#xa;FROM&#xa;    Products.Product P&#xa;    JOIN Products.ProductModel PM ON P.ModelKey = PM.ModelKey&#xa;GROUP BY&#xa;    PM.Color" StatementId="3" StatementCompId="3" StatementType="SELECT" StatementSqlHandle="0x0900315F47F20A69F67F14D96A59D8D567290000000000000000000000000000000000000000000000000000" DatabaseContextSettingsId="1" ParentObjectId="0" StatementParameterizationType="0" RetrievedFromCache="true" StatementSubTreeCost="0.0757199" StatementEstRows="10.9853" SecurityPolicyApplied="false" StatementOptmLevel="FULL" QueryHash="0x64CAD6862E543A35" QueryPlanHash="0x3EE719D747F2F1CE" StatementOptmEarlyAbortReason="GoodEnoughPlanFound" CardinalityEstimationModelVersion="160"><StatementSetOptions QUOTED_IDENTIFIER="true" ARITHABORT="true" CONCAT_NULL_YIELDS_NULL="true" ANSI_NULLS="true" ANSI_PADDING="true" ANSI_WARNINGS="true" NUMERIC_ROUNDABORT="false"></StatementSetOptions><QueryPlan CachedPlanSize="32" CompileTime="4" CompileCPU="4" CompileMemory="424"><MemoryGrantInfo SerialRequiredMemory="1024" SerialDesiredMemory="1120" GrantedMemory="0" MaxUsedMemory="0"></MemoryGrantInfo><OptimizerHardwareDependentProperties EstimatedAvailableMemoryGrant="40281" EstimatedPagesCached="20140" EstimatedAvailableDegreeOfParallelism="4" MaxCompileMemory="1317416"></OptimizerHardwareDependentProperties><OptimizerStatsUsage><StatisticsInfo LastUpdate="2024-01-20T22:52:51.67" ModificationCount="0" SamplingPercent="100" Statistics="[PK__ProductM__FB68A01A83174928]" Table="[ProductModel]" Schema="[Products]" Database="[AdventureWorks]"></StatisticsInfo><StatisticsInfo LastUpdate="2024-01-20T22:52:51.68" ModificationCount="0" SamplingPercent="100" Statistics="[_WA_Sys_00000003_5812160E]" Table="[ProductModel]" Schema="[Products]" Database="[AdventureWorks]"></StatisticsInfo><StatisticsInfo LastUpdate="2024-01-20T22:52:51.66" ModificationCount="0" SamplingPercent="100" Statistics="[_WA_Sys_00000011_5DCAEF64]" Table="[Product]" Schema="[Products]" Database="[AdventureWorks]"></StatisticsInfo></OptimizerStatsUsage><RelOp NodeId="0" PhysicalOp="Compute Scalar" LogicalOp="Compute Scalar" EstimateRows="10.9853" EstimateIO="0" EstimateCPU="0" AvgRowSize="23" EstimatedTotalSubtreeCost="0.0757199" Parallel="0" EstimateRebinds="0" EstimateRewinds="0" EstimatedExecutionMode="Row"><OutputList><ColumnReference Database="[AdventureWorks]" Schema="[Products]" Table="[ProductModel]" Alias="[PM]" Column="Color"></ColumnReference><ColumnReference Column="Expr1002"></ColumnReference></OutputList><ComputeScalar><DefinedValues><DefinedValue><ColumnReference Column="Expr1002"></ColumnReference><ScalarOperator ScalarString="CONVERT_IMPLICIT(int,[Expr1005],0)"><Convert DataType="int" Style="0" Implicit="1"><ScalarOperator><Identifier><ColumnReference Column="Expr1005"></ColumnReference></Identifier></ScalarOperator></Convert></ScalarOperator></DefinedValue></DefinedValues><RelOp NodeId="1" PhysicalOp="Stream Aggregate" LogicalOp="Aggregate" EstimateRows="10.9853" EstimateIO="0" EstimateCPU="0.000243693" AvgRowSize="23" EstimatedTotalSubtreeCost="0.0757199" Parallel="0" EstimateRebinds="0" EstimateRewinds="0" EstimatedExecutionMode="Row"><OutputList><ColumnReference Database="[AdventureWorks]" Schema="[Products]" Table="[ProductModel]" Alias="[PM]" Column="Color"></ColumnReference><ColumnReference Column="Expr1005"></ColumnReference></OutputList><StreamAggregate><DefinedValues><DefinedValue><ColumnReference Column="Expr1005"></ColumnReference><ScalarOperator ScalarString="Count(*)"><Aggregate AggType="countstar" Distinct="0"></Aggregate></ScalarOperator></DefinedValue></DefinedValues><GroupBy><ColumnReference Database="[AdventureWorks]" Schema="[Products]" Table="[ProductModel]" Alias="[PM]" Column="Color"></ColumnReference></GroupBy><RelOp NodeId="2" PhysicalOp="Sort" LogicalOp="Sort" EstimateRows="397" EstimateIO="0.0112613" EstimateCPU="0.00544661" AvgRowSize="19" EstimatedTotalSubtreeCost="0.0754762" Parallel="0" EstimateRebinds="0" EstimateRewinds="0" EstimatedExecutionMode="Row"><OutputList><ColumnReference Database="[AdventureWorks]" Schema="[Products]" Table="[ProductModel]" Alias="[PM]" Column="Color"></ColumnReference></OutputList><MemoryFractions Input="0.5" Output="1"></MemoryFractions><Sort Distinct="0"><OrderBy><OrderByColumn Ascending="1"><ColumnReference Database="[AdventureWorks]" Schema="[Products]" Table="[ProductModel]" Alias="[PM]" Column="Color"></ColumnReference></OrderByColumn></OrderBy><RelOp NodeId="3" PhysicalOp="Merge Join" LogicalOp="Inner Join" EstimateRows="397" EstimateIO="0" EstimateCPU="0.006759" AvgRowSize="19" EstimatedTotalSubtreeCost="0.0587683" Parallel="0" EstimateRebinds="0" EstimateRewinds="0" EstimatedExecutionMode="Row"><OutputList><ColumnReference Database="[AdventureWorks]" Schema="[Products]" Table="[ProductModel]" Alias="[PM]" Column="Color"></ColumnReference></OutputList><Merge ManyToMany="0"><InnerSideJoinColumns><ColumnReference Database="[AdventureWorks]" Schema="[Products]" Table="[Product]" Alias="[P]" Column="ModelKey"></ColumnReference></InnerSideJoinColumns><OuterSideJoinColumns><ColumnReference Database="[AdventureWorks]" Schema="[Products]" Table="[ProductModel]" Alias="[PM]" Column="ModelKey"></ColumnReference></OuterSideJoinColumns><Residual><ScalarOperator ScalarString="[AdventureWorks].[Products].[ProductModel].[ModelKey] as [PM].[ModelKey]=[AdventureWorks].[Products].[Product].[ModelKey] as [P].[ModelKey]"><Compare CompareOp="EQ"><ScalarOperator><Identifier><ColumnReference Database="[AdventureWorks]" Schema="[Products]" Table="[ProductModel]" Alias="[PM]" Column="ModelKey"></ColumnReference></Identifier></ScalarOperator><ScalarOperator><Identifier><ColumnReference Database="[AdventureWorks]" Schema="[Products]" Table="[Product]" Alias="[P]" Column="ModelKey"></ColumnReference></Identifier></ScalarOperator></Compare></ScalarOperator></Residual><RelOp NodeId="4" PhysicalOp="Clustered Index Scan" LogicalOp="Clustered Index Scan" EstimateRows="136" EstimatedRowsRead="136" EstimateIO="0.00386574" EstimateCPU="0.0003066" AvgRowSize="23" EstimatedTotalSubtreeCost="0.00417234" TableCardinality="136" Parallel="0" EstimateRebinds="0" EstimateRewinds="0" EstimatedExecutionMode="Row"><OutputList><ColumnReference Database="[AdventureWorks]" Schema="[Products]" Table="[ProductModel]" Alias="[PM]" Column="ModelKey"></ColumnReference><ColumnReference Database="[AdventureWorks]" Schema="[Products]" Table="[ProductModel]" Alias="[PM]" Column="Color"></ColumnReference></OutputList><IndexScan Ordered="1" ScanDirection="FORWARD" ForcedIndex="0" ForceSeek="0" ForceScan="0" NoExpandHint="0" Storage="RowStore"><DefinedValues><DefinedValue><ColumnReference Database="[AdventureWorks]" Schema="[Products]" Table="[ProductModel]" Alias="[PM]" Column="ModelKey"></ColumnReference></DefinedValue><DefinedValue><ColumnReference Database="[AdventureWorks]" Schema="[Products]" Table="[ProductModel]" Alias="[PM]" Column="Color"></ColumnReference></DefinedValue></DefinedValues><Object Database="[AdventureWorks]" Schema="[Products]" Table="[ProductModel]" Index="[PK__ProductM__FB68A01A83174928]" Alias="[PM]" IndexKind="Clustered" Storage="RowStore"></Object></IndexScan></RelOp><RelOp NodeId="5" PhysicalOp="Sort" LogicalOp="Sort" EstimateRows="397" EstimateIO="0.0112613" EstimateCPU="0.0054466" AvgRowSize="11" EstimatedTotalSubtreeCost="0.047834" Parallel="0" EstimateRebinds="0" EstimateRewinds="0" EstimatedExecutionMode="Row"><OutputList><ColumnReference Database="[AdventureWorks]" Schema="[Products]" Table="[Product]" Alias="[P]" Column="ModelKey"></ColumnReference></OutputList><MemoryFractions Input="0.5" Output="0.5"></MemoryFractions><Sort Distinct="0"><OrderBy><OrderByColumn Ascending="1"><ColumnReference Database="[AdventureWorks]" Schema="[Products]" Table="[Product]" Alias="[P]" Column="ModelKey"></ColumnReference></OrderByColumn></OrderBy><RelOp NodeId="6" PhysicalOp="Clustered Index Scan" LogicalOp="Clustered Index Scan" EstimateRows="397" EstimatedRowsRead="397" EstimateIO="0.0305324" EstimateCPU="0.0005937" AvgRowSize="11" EstimatedTotalSubtreeCost="0.0311261" TableCardinality="397" Parallel="0" EstimateRebinds="0" EstimateRewinds="0" EstimatedExecutionMode="Row"><OutputList><ColumnReference Database="[AdventureWorks]" Schema="[Products]" Table="[Product]" Alias="[P]" Column="ModelKey"></ColumnReference></OutputList><IndexScan Ordered="0" ForcedIndex="0" ForceScan="0" NoExpandHint="0" Storage="RowStore"><DefinedValues><DefinedValue><ColumnReference Database="[AdventureWorks]" Schema="[Products]" Table="[Product]" Alias="[P]" Column="ModelKey"></ColumnReference></DefinedValue></DefinedValues><Object Database="[AdventureWorks]" Schema="[Products]" Table="[Product]" Index="[PK__Product__A15E99B36D34A312]" Alias="[P]" IndexKind="Clustered" Storage="RowStore"></Object></IndexScan></RelOp></Sort></RelOp></Merge></RelOp></Sort></RelOp></StreamAggregate></RelOp></ComputeScalar></RelOp></QueryPlan></StmtSimple></Statements></Batch></BatchSequence></ShowPlanXML>